Building cpp_docker
#0 building with "default" instance using docker driver

#1 [internal] load build definition from Dockerfile
#1 transferring dockerfile: 167B done
#1 DONE 0.0s

#2 [internal] load metadata for docker.io/library/gcc:latest
#2 DONE 1.4s

#3 [internal] load .dockerignore
#3 transferring context: 2B done
#3 DONE 0.0s

#4 [1/2] FROM docker.io/library/gcc:latest@sha256:c8a47caa027efeb4254ecacc4a5b7f417625af0c4f48403c3a9b8dafb91da6c4
#4 DONE 0.0s

#5 [2/2] WORKDIR /usr/src/app
#5 CACHED

#6 exporting to image
#6 exporting layers done
#6 writing image sha256:fd1a332bf6a0d433685104a1622ff3e7ee75b4da70650dd5e55a9561cc22eeed done
#6 naming to docker.io/library/codearena_cpp_docker done
#6 DONE 0.0s
Image for service cpp_docker was built because it did not already exist. To rebuild this image you must use `docker-compose build` or `docker-compose up --build`.
Building python_docker
#0 building with "default" instance using docker driver

#1 [internal] load build definition from Dockerfile
#1 transferring dockerfile: 155B done
#1 DONE 0.0s

#2 [internal] load metadata for docker.io/library/python:3.9-slim
#2 DONE 1.2s

#3 [internal] load .dockerignore
#3 transferring context: 2B done
#3 DONE 0.0s

#4 [1/2] FROM docker.io/library/python:3.9-slim@sha256:bb8009c87ab69e751a1dd2c6c7f8abaae3d9fce8e072802d4a23c95594d16d84
#4 DONE 0.0s

#5 [2/2] WORKDIR /usr/src/app
#5 CACHED

#6 exporting to image
#6 exporting layers done
#6 writing image sha256:325e4f2057a957efbaeb8f49dba5e2e34e46ae61583353804aaab85b161f10a0 done
#6 naming to docker.io/library/codearena_python_docker done
#6 DONE 0.0s
Image for service python_docker was built because it did not already exist. To rebuild this image you must use `docker-compose build` or `docker-compose up --build`.
Building frontend
#0 building with "default" instance using docker driver

#1 [internal] load build definition from Dockerfile
#1 transferring dockerfile: 499B done
#1 DONE 0.0s

#2 [internal] load metadata for docker.io/library/node:latest
#2 DONE 1.2s

#3 [internal] load .dockerignore
#3 transferring context: 2B done
#3 DONE 0.0s

#4 [ 1/17] FROM docker.io/library/node:latest@sha256:3b73c4b366d490f76908dda253bb4516bbb3398948fd880d8682c5ef16427eca
#4 DONE 0.0s

#5 [internal] load build context
#5 transferring context: 199.26kB 0.0s done
#5 DONE 0.0s

#6 [ 2/17] WORKDIR /app
#6 CACHED

#7 [ 7/17] COPY index.html /app
#7 CACHED

#8 [ 4/17] COPY package-lock.json /app
#8 CACHED

#9 [ 5/17] COPY package.json /app
#9 CACHED

#10 [ 6/17] COPY eslint.config.js /app
#10 CACHED

#11 [ 8/17] COPY postcss.config.js /app
#11 CACHED

#12 [ 3/17] COPY public /app
#12 CACHED

#13 [ 9/17] COPY tailwind.config.js /app
#13 CACHED

#14 [10/17] COPY vite.config.js /app
#14 DONE 0.1s

#15 [11/17] RUN npm install
#15 14.20 
#15 14.20 added 365 packages, and audited 366 packages in 13s
#15 14.20 
#15 14.20 128 packages are looking for funding
#15 14.20   run `npm fund` for details
#15 14.22 npm notice
#15 14.22 npm notice New major version of npm available! 10.9.2 -> 11.1.0
#15 14.22 npm notice Changelog: https://github.com/npm/cli/releases/tag/v11.1.0
#15 14.22 npm notice To update run: npm install -g npm@11.1.0
#15 14.22 npm notice
#15 14.22 
#15 14.22 6 vulnerabilities (2 low, 2 moderate, 2 high)
#15 14.22 
#15 14.22 To address all issues, run:
#15 14.22   npm audit fix
#15 14.22 
#15 14.22 Run `npm audit` for details.
#15 DONE 14.4s

#16 [12/17] RUN mkdir /app/src
#16 DONE 1.0s

#17 [13/17] COPY src/assets /app/src/assets
#17 DONE 0.2s

#18 [14/17] COPY src/components /app/src/components
#18 DONE 0.1s

#19 [15/17] COPY src/App.jsx /app/src
#19 DONE 0.1s

#20 [16/17] COPY src/index.css /app/src
#20 DONE 0.0s

#21 [17/17] COPY src/main.jsx /app/src
#21 DONE 0.0s

#22 exporting to image
#22 exporting layers
#22 exporting layers 18.2s done
#22 writing image sha256:6fa14e5f735bd4570aa3451cf84c05c546f84cb5dc37e8347dbc7ced17defbd9
#22 writing image sha256:6fa14e5f735bd4570aa3451cf84c05c546f84cb5dc37e8347dbc7ced17defbd9 done
#22 naming to docker.io/library/codearena_frontend done
#22 DONE 18.2s
Image for service frontend was built because it did not already exist. To rebuild this image you must use `docker-compose build` or `docker-compose up --build`.
Creating codearena_cpp_docker_1 ... 
Creating codearena_python_docker_1 ... 
Creating codearena_frontend_1      ... 
Creating codearena_python_docker_1 ... done
Creating codearena_frontend_1      ... done
Creating codearena_cpp_docker_1    ... done
Attaching to codearena_python_docker_1, codearena_frontend_1, codearena_cpp_docker_1
[32mpython_docker_1  |[0m sh: 1: cannot open input.txt: No such file
[32mcodearena_python_docker_1 exited with code 2
[0m[36mcpp_docker_1     |[0m cc1plus: fatal error: main.cpp: No such file or directory
[36mcpp_docker_1     |[0m compilation terminated.
[36mcodearena_cpp_docker_1 exited with code 1
[0m[33mfrontend_1       |[0m 
[33mfrontend_1       |[0m > frontend@0.0.0 dev
[33mfrontend_1       |[0m > vite
[33mfrontend_1       |[0m 
[33mfrontend_1       |[0m 
[33mfrontend_1       |[0m   VITE v5.4.3  ready in 481 ms
[33mfrontend_1       |[0m 
[33mfrontend_1       |[0m   ➜  Local:   http://localhost:5173/
[33mfrontend_1       |[0m   ➜  Network: http://172.18.0.2:5173/
[33mfrontend_1       |[0m Error: The following dependencies are imported but could not be resolved:
[33mfrontend_1       |[0m 
[33mfrontend_1       |[0m   react-tsparticles (imported by /app/src/components/Login.jsx)
[33mfrontend_1       |[0m   axios (imported by /app/src/components/Profile.jsx)
[33mfrontend_1       |[0m   tsparticles-slim (imported by /app/src/components/Login.jsx)
[33mfrontend_1       |[0m 
[33mfrontend_1       |[0m Are they installed?
[33mfrontend_1       |[0m     at file:///app/node_modules/vite/dist/node/chunks/dep-BaOMuo4I.js:50593:15
[33mfrontend_1       |[0m     at process.processTicksAndRejections (node:internal/process/task_queues:105:5)
[33mfrontend_1       |[0m     at async file:///app/node_modules/vite/dist/node/chunks/dep-BaOMuo4I.js:50098:26
[33mfrontend_1       |[0m npm error path /app
[33mfrontend_1       |[0m npm error command failed
[33mfrontend_1       |[0m npm error signal SIGTERM
[33mfrontend_1       |[0m npm error command sh -c vite
[33mfrontend_1       |[0m npm error A complete log of this run can be found in: /root/.npm/_logs/2025-01-30T18_15_48_520Z-debug-0.log
[33mcodearena_frontend_1 exited with code 1
[0m